<?xml version="1.0" encoding="UTF-8"?>
<!-- Generated by org.testng.reporters.JUnitXMLReporter -->
<testsuite ignored="0" hostname="LIN19001909" failures="1" tests="1" name="Test" time="18.698" errors="0" timestamp="26 Aug 2021 07:37:50 GMT">
  <testcase classname="com.automation.tests.OrangeHRMTests" name="loginLogoutTest" time="6.745">
    <failure type="java.lang.AssertionError" message="
expected: &amp;quot;OrangeHRM1&amp;quot;
 but was: &amp;quot;OrangeHRM&amp;quot;">
      <![CDATA[java.lang.AssertionError: 
expected: "OrangeHRM1"
 but was: "OrangeHRM"
at com.automation.tests.OrangeHRMTests.loginLogoutTest(OrangeHRMTests.java:18)
... Removed 25 stack frames]]>
    </failure>
  </testcase> <!-- loginLogoutTest -->
</testsuite> <!-- Test -->
