<?xml version="1.0" encoding="UTF-8"?>
<testng-results ignored="0" total="1" passed="1" failed="0" skipped="0">
  <reporter-output>
  </reporter-output>
  <suite started-at="2021-08-29T05:53:56Z" name="Default suite" finished-at="2021-08-29T05:54:19Z" duration-ms="22692">
    <groups>
    </groups>
    <test started-at="2021-08-29T05:53:56Z" name="Default test" finished-at="2021-08-29T05:54:19Z" duration-ms="22692">
      <class name="com.automation.tests.OrangeHRMTests">
        <test-method is-config="true" signature="setUp()[pri:0, instance:com.automation.tests.OrangeHRMTests@332729ad]" started-at="2021-08-29T05:53:56Z" name="setUp" finished-at="2021-08-29T05:54:08Z" duration-ms="12438" status="PASS">
          <reporter-output>
          </reporter-output>
        </test-method> <!-- setUp -->
        <test-method signature="loginLogoutTest(java.lang.String, java.lang.String)[pri:0, instance:com.automation.tests.OrangeHRMTests@332729ad]" started-at="2021-08-29T05:54:08Z" name="loginLogoutTest" data-provider="LoginData" finished-at="2021-08-29T05:54:17Z" duration-ms="8818" status="PASS">
          <params>
            <param index="0">
              <value>
                <![CDATA[Admin]]>
              </value>
            </param>
            <param index="1">
              <value>
                <![CDATA[admin123]]>
              </value>
            </param>
          </params>
          <reporter-output>
          </reporter-output>
        </test-method> <!-- loginLogoutTest -->
        <test-method is-config="true" signature="tearDown()[pri:0, instance:com.automation.tests.OrangeHRMTests@332729ad]" started-at="2021-08-29T05:54:17Z" name="tearDown" finished-at="2021-08-29T05:54:19Z" duration-ms="1332" status="PASS">
          <reporter-output>
          </reporter-output>
        </test-method> <!-- tearDown -->
      </class> <!-- com.automation.tests.OrangeHRMTests -->
    </test> <!-- Default test -->
  </suite> <!-- Default suite -->
</testng-results>
